<?xml version="1.0" encoding="UTF-8"?>
<!-- Generated by org.testng.reporters.JUnitXMLReporter -->
<testsuite hostname="EPRURYAW7112" ignored="0" name="Factory" tests="5" failures="0" timestamp="04 фев 2019 13:37:40 GMT" time="0.04" errors="0">
  <testcase name="testGetCircle" time="0.009" classname="jar.TestsForCircle"/>
  <testcase name="testGetCircle" time="0.001" classname="jar.TestsForCircle"/>
  <testcase name="testGetCircle" time="0.001" classname="jar.TestsForCircle"/>
  <testcase name="testGetCircle" time="0.001" classname="jar.TestsForCircle"/>
  <testcase name="testGetCircle" time="0.004" classname="jar.TestsForCircle"/>
</testsuite> <!-- Factory -->
