<?xml version="1.0" encoding="UTF-8"?>
<!-- Generated by org.testng.reporters.JUnitXMLReporter -->
<testsuite hostname="EPRURYAW7112" ignored="0" name="Test" tests="4" failures="0" timestamp="27 дек 2018 14:13:00 GMT" time="0.033" errors="0">
  <testcase name="f" time="0.005" classname="jar.NewTest"/>
  <testcase name="f" time="0.001" classname="jar.NewTest"/>
  <testcase name="testCase1" time="0.001" classname="jar.ParameterTest"/>
  <testcase name="testCase2" time="0.001" classname="jar.ParameterTest"/>
</testsuite> <!-- Test -->
