<?xml version="1.0" encoding="UTF-8"?>
<!-- Generated by org.testng.reporters.JUnitXMLReporter -->
<testsuite hostname="EPRURYAW7112" name="QuadrateParameter5" tests="3" failures="0" timestamp="6 Feb 2019 15:33:02 GMT" time="0.0" errors="0">
  <testcase name="testGetQuadrate" time="0.0" classname="jar.quadrate.TestsForQuadrate"/>
  <testcase name="testGetPerimeter" time="0.0" classname="jar.quadrate.TestsForQuadrate"/>
  <testcase name="testGetSquare" time="0.0" classname="jar.quadrate.TestsForQuadrate"/>
</testsuite> <!-- QuadrateParameter5 -->
