<?xml version="1.0" encoding="UTF-8"?>
<testsuite name="TestSuite" time="0.048" tests="75" errors="0" skipped="0" failures="30">
  <properties>
[...]
</properties>
  <testcase name="testGetQuadrate" classname="jar.quadrate.TestsForQuadrate" time="0.016"/>
  <testcase name="testGetPerimeter" classname="jar.quadrate.TestsForQuadrate" time="0.016">
    <failure message="expected [-106.376] but found [106.376]" type="java.lang.AssertionError">java.lang.AssertionError: expected [-106.376] but found [106.376]
	at org.testng.Assert.fail(Assert.java:94)
	at org.testng.Assert.failNotEquals(Assert.java:494)
	at org.testng.Assert.assertEquals(Assert.java:123)
	at org.testng.Assert.assertEquals(Assert.java:165)
	at jar.quadrate.TestsForQuadrate.testGetPerimeter(TestsForQuadrate.java:24)
</failure>
  </testcase>
  <testcase name="testGetSquare" classname="jar.quadrate.TestsForQuadrate" time="0"/>
  <testcase name="testGetQuadrate" classname="jar.quadrate.TestsForQuadrate" time="0"/>
  <testcase name="testGetPerimeter" classname="jar.quadrate.TestsForQuadrate" time="0">
    <failure message="expected [-12.0] but found [12.0]" type="java.lang.AssertionError">java.lang.AssertionError: expected [-12.0] but found [12.0]
	at org.testng.Assert.fail(Assert.java:94)
	at org.testng.Assert.failNotEquals(Assert.java:494)
	at org.testng.Assert.assertEquals(Assert.java:123)
	at org.testng.Assert.assertEquals(Assert.java:165)
	at jar.quadrate.TestsForQuadrate.testGetPerimeter(TestsForQuadrate.java:24)
</failure>
  </testcase>
  <testcase name="testGetSquare" classname="jar.quadrate.TestsForQuadrate" time="0"/>
  <testcase name="testGetQuadrate" classname="jar.quadrate.TestsForQuadrate" time="0"/>
  <testcase name="testGetPerimeter" classname="jar.quadrate.TestsForQuadrate" time="0">
    <failure message="expected [0.0] but found [-1.0]" type="java.lang.AssertionError">java.lang.AssertionError: expected [0.0] but found [-1.0]
	at org.testng.Assert.fail(Assert.java:94)
	at org.testng.Assert.failNotEquals(Assert.java:494)
	at org.testng.Assert.assertEquals(Assert.java:123)
	at org.testng.Assert.assertEquals(Assert.java:165)
	at jar.quadrate.TestsForQuadrate.testGetPerimeter(TestsForQuadrate.java:24)
</failure>
  </testcase>
  <testcase name="testGetSquare" classname="jar.quadrate.TestsForQuadrate" time="0"/>
  <testcase name="testGetQuadrate" classname="jar.quadrate.TestsForQuadrate" time="0"/>
  <testcase name="testGetPerimeter" classname="jar.quadrate.TestsForQuadrate" time="0"/>
  <testcase name="testGetSquare" classname="jar.quadrate.TestsForQuadrate" time="0"/>
  <testcase name="testGetQuadrate" classname="jar.quadrate.TestsForQuadrate" time="0"/>
  <testcase name="testGetPerimeter" classname="jar.quadrate.TestsForQuadrate" time="0"/>
  <testcase name="testGetSquare" classname="jar.quadrate.TestsForQuadrate" time="0"/>
  <testcase name="testForFailing" classname="jar.ExpectedExeption" time="0">
    <failure message="&#10;Method ExpectedExeption.testForFailing(double)[pri:0, instance:jar.ExpectedExeption@4b2bac3f] should have thrown an exception of class java.lang.Exception" type="org.testng.TestException">org.testng.TestException: 
Method ExpectedExeption.testForFailing(double)[pri:0, instance:jar.ExpectedExeption@4b2bac3f] should have thrown an exception of class java.lang.Exception
	at org.testng.internal.Invoker.handleInvocationResults(Invoker.java:1512)
	at org.testng.internal.Invoker.invokeMethod(Invoker.java:754)
	at org.testng.internal.Invoker.invokeTestMethod(Invoker.java:901)
	at org.testng.internal.Invoker.invokeTestMethods(Invoker.java:1231)
	at org.testng.internal.TestMethodWorker.invokeTestMethods(TestMethodWorker.java:127)
	at org.testng.internal.TestMethodWorker.run(TestMethodWorker.java:111)
	at org.testng.TestRunner.privateRun(TestRunner.java:767)
	at org.testng.TestRunner.run(TestRunner.java:617)
	at org.testng.SuiteRunner.runTest(SuiteRunner.java:334)
	at org.testng.SuiteRunner.runSequentially(SuiteRunner.java:329)
	at org.testng.SuiteRunner.privateRun(SuiteRunner.java:291)
	at org.testng.SuiteRunner.run(SuiteRunner.java:240)
	at org.testng.SuiteRunnerWorker.runSuite(SuiteRunnerWorker.java:52)
	at org.testng.SuiteRunnerWorker.run(SuiteRunnerWorker.java:86)
	at org.testng.TestNG.runSuitesSequentially(TestNG.java:1198)
	at org.testng.TestNG.runSuitesLocally(TestNG.java:1123)
	at org.testng.TestNG.run(TestNG.java:1031)
	at org.apache.maven.surefire.testng.TestNGExecutor.run(TestNGExecutor.java:178)
	at org.apache.maven.surefire.testng.TestNGXmlTestSuite.execute(TestNGXmlTestSuite.java:92)
	at org.apache.maven.surefire.testng.TestNGProvider.invoke(TestNGProvider.java:96)
	at sun.reflect.NativeMethodAccessorImpl.invoke0(Native Method)
	at sun.reflect.NativeMethodAccessorImpl.invoke(NativeMethodAccessorImpl.java:62)
	at sun.reflect.DelegatingMethodAccessorImpl.invoke(DelegatingMethodAccessorImpl.java:43)
	at java.lang.reflect.Method.invoke(Method.java:498)
	at org.apache.maven.surefire.util.ReflectionUtils.invokeMethodWithArray2(ReflectionUtils.java:208)
	at org.apache.maven.surefire.booter.ProviderFactory$ProviderProxy.invoke(ProviderFactory.java:159)
	at org.apache.maven.surefire.booter.ProviderFactory.invokeProvider(ProviderFactory.java:87)
	at org.apache.maven.surefire.booter.ForkedBooter.runSuitesInProcess(ForkedBooter.java:153)
	at org.apache.maven.surefire.booter.ForkedBooter.main(ForkedBooter.java:95)
</failure>
  </testcase>
  <testcase name="testGetCircle" classname="jar.circle.TestsForCircle" time="0"/>
  <testcase name="testGetCircle" classname="jar.circle.TestsForCircle" time="0"/>
  <testcase name="testGetCircle" classname="jar.circle.TestsForCircle" time="0"/>
  <testcase name="testGetCircle" classname="jar.circle.TestsForCircle" time="0"/>
  <testcase name="testGetCircle" classname="jar.circle.TestsForCircle" time="0"/>
  <testcase name="testGetCircumference" classname="jar.circle.TestsForCircle" time="0">
    <failure message="expected [-22.305] but found [140.146]" type="java.lang.AssertionError">java.lang.AssertionError: expected [-22.305] but found [140.146]
	at org.testng.Assert.fail(Assert.java:94)
	at org.testng.Assert.failNotEquals(Assert.java:494)
	at org.testng.Assert.assertEquals(Assert.java:123)
	at org.testng.Assert.assertEquals(Assert.java:165)
	at jar.circle.TestsForCircle.testGetCircumference(TestsForCircle.java:26)
</failure>
  </testcase>
  <testcase name="testGetCircumference" classname="jar.circle.TestsForCircle" time="0">
    <failure message="expected [18.85] but found [118.438]" type="java.lang.AssertionError">java.lang.AssertionError: expected [18.85] but found [118.438]
	at org.testng.Assert.fail(Assert.java:94)
	at org.testng.Assert.failNotEquals(Assert.java:494)
	at org.testng.Assert.assertEquals(Assert.java:123)
	at org.testng.Assert.assertEquals(Assert.java:165)
	at jar.circle.TestsForCircle.testGetCircumference(TestsForCircle.java:26)
</failure>
  </testcase>
  <testcase name="testGetCircumference" classname="jar.circle.TestsForCircle" time="0">
    <failure message="expected [-18.85] but found [118.438]" type="java.lang.AssertionError">java.lang.AssertionError: expected [-18.85] but found [118.438]
	at org.testng.Assert.fail(Assert.java:94)
	at org.testng.Assert.failNotEquals(Assert.java:494)
	at org.testng.Assert.assertEquals(Assert.java:123)
	at org.testng.Assert.assertEquals(Assert.java:165)
	at jar.circle.TestsForCircle.testGetCircumference(TestsForCircle.java:26)
</failure>
  </testcase>
  <testcase name="testGetCircumference" classname="jar.circle.TestsForCircle" time="0">
    <failure message="expected [22.305] but found [140.146]" type="java.lang.AssertionError">java.lang.AssertionError: expected [22.305] but found [140.146]
	at org.testng.Assert.fail(Assert.java:94)
	at org.testng.Assert.failNotEquals(Assert.java:494)
	at org.testng.Assert.assertEquals(Assert.java:123)
	at org.testng.Assert.assertEquals(Assert.java:165)
	at jar.circle.TestsForCircle.testGetCircumference(TestsForCircle.java:26)
</failure>
  </testcase>
  <testcase name="testGetCircumference" classname="jar.circle.TestsForCircle" time="0"/>
  <testcase name="testGetSquare" classname="jar.circle.TestsForCircle" time="0">
    <failure message="expected [39.592] but found [0.0]" type="java.lang.AssertionError">java.lang.AssertionError: expected [39.592] but found [0.0]
	at org.testng.Assert.fail(Assert.java:94)
	at org.testng.Assert.failNotEquals(Assert.java:494)
	at org.testng.Assert.assertEquals(Assert.java:123)
	at org.testng.Assert.assertEquals(Assert.java:165)
	at jar.circle.TestsForCircle.testGetSquare(TestsForCircle.java:34)
</failure>
  </testcase>
  <testcase name="testGetSquare" classname="jar.circle.TestsForCircle" time="0"/>
  <testcase name="testGetSquare" classname="jar.circle.TestsForCircle" time="0">
    <failure message="expected [28.274] but found [0.0]" type="java.lang.AssertionError">java.lang.AssertionError: expected [28.274] but found [0.0]
	at org.testng.Assert.fail(Assert.java:94)
	at org.testng.Assert.failNotEquals(Assert.java:494)
	at org.testng.Assert.assertEquals(Assert.java:123)
	at org.testng.Assert.assertEquals(Assert.java:165)
	at jar.circle.TestsForCircle.testGetSquare(TestsForCircle.java:34)
</failure>
  </testcase>
  <testcase name="testGetSquare" classname="jar.circle.TestsForCircle" time="0"/>
  <testcase name="testGetSquare" classname="jar.circle.TestsForCircle" time="0"/>
  <testcase name="testGetPerimeter" classname="jar.rectangle.TestsForRectangle" time="0"/>
  <testcase name="testGetPerimeter" classname="jar.rectangle.TestsForRectangle" time="0">
    <failure message="expected [114.917372] but found [115.917372]" type="java.lang.AssertionError">java.lang.AssertionError: expected [114.917372] but found [115.917372]
	at org.testng.Assert.fail(Assert.java:94)
	at org.testng.Assert.failNotEquals(Assert.java:494)
	at org.testng.Assert.assertEquals(Assert.java:123)
	at org.testng.Assert.assertEquals(Assert.java:165)
	at jar.rectangle.TestsForRectangle.testGetPerimeter(TestsForRectangle.java:22)
</failure>
  </testcase>
  <testcase name="testGetPerimeter" classname="jar.rectangle.TestsForRectangle" time="0">
    <failure message="expected [-11921.264] but found [11936.972]" type="java.lang.AssertionError">java.lang.AssertionError: expected [-11921.264] but found [11936.972]
	at org.testng.Assert.fail(Assert.java:94)
	at org.testng.Assert.failNotEquals(Assert.java:494)
	at org.testng.Assert.assertEquals(Assert.java:123)
	at org.testng.Assert.assertEquals(Assert.java:165)
	at jar.rectangle.TestsForRectangle.testGetPerimeter(TestsForRectangle.java:22)
</failure>
  </testcase>
  <testcase name="testGetPerimeter" classname="jar.rectangle.TestsForRectangle" time="0">
    <failure message="expected [-6445.49] but found [13217.26]" type="java.lang.AssertionError">java.lang.AssertionError: expected [-6445.49] but found [13217.26]
	at org.testng.Assert.fail(Assert.java:94)
	at org.testng.Assert.failNotEquals(Assert.java:494)
	at org.testng.Assert.assertEquals(Assert.java:123)
	at org.testng.Assert.assertEquals(Assert.java:165)
	at jar.rectangle.TestsForRectangle.testGetPerimeter(TestsForRectangle.java:22)
</failure>
  </testcase>
  <testcase name="testGetPerimeter" classname="jar.rectangle.TestsForRectangle" time="0">
    <failure message="expected [-176.0] but found [182.0]" type="java.lang.AssertionError">java.lang.AssertionError: expected [-176.0] but found [182.0]
	at org.testng.Assert.fail(Assert.java:94)
	at org.testng.Assert.failNotEquals(Assert.java:494)
	at org.testng.Assert.assertEquals(Assert.java:123)
	at org.testng.Assert.assertEquals(Assert.java:165)
	at jar.rectangle.TestsForRectangle.testGetPerimeter(TestsForRectangle.java:22)
</failure>
  </testcase>
  <testcase name="testGetPerimeter" classname="jar.rectangle.TestsForRectangle" time="0">
    <failure message="expected [-16.0] but found [16.0]" type="java.lang.AssertionError">java.lang.AssertionError: expected [-16.0] but found [16.0]
	at org.testng.Assert.fail(Assert.java:94)
	at org.testng.Assert.failNotEquals(Assert.java:494)
	at org.testng.Assert.assertEquals(Assert.java:123)
	at org.testng.Assert.assertEquals(Assert.java:165)
	at jar.rectangle.TestsForRectangle.testGetPerimeter(TestsForRectangle.java:22)
</failure>
  </testcase>
  <testcase name="testGetPerimeter" classname="jar.rectangle.TestsForRectangle" time="0">
    <failure message="expected [-8454.4554] but found [16908.9108]" type="java.lang.AssertionError">java.lang.AssertionError: expected [-8454.4554] but found [16908.9108]
	at org.testng.Assert.fail(Assert.java:94)
	at org.testng.Assert.failNotEquals(Assert.java:494)
	at org.testng.Assert.assertEquals(Assert.java:123)
	at org.testng.Assert.assertEquals(Assert.java:165)
	at jar.rectangle.TestsForRectangle.testGetPerimeter(TestsForRectangle.java:22)
</failure>
  </testcase>
  <testcase name="testGetPerimeter" classname="jar.rectangle.TestsForRectangle" time="0">
    <failure message="expected [52.00000000000001] but found [52.00000000000002]" type="java.lang.AssertionError">java.lang.AssertionError: expected [52.00000000000001] but found [52.00000000000002]
	at org.testng.Assert.fail(Assert.java:94)
	at org.testng.Assert.failNotEquals(Assert.java:494)
	at org.testng.Assert.assertEquals(Assert.java:123)
	at org.testng.Assert.assertEquals(Assert.java:165)
	at jar.rectangle.TestsForRectangle.testGetPerimeter(TestsForRectangle.java:22)
</failure>
  </testcase>
  <testcase name="testGetPerimeter" classname="jar.rectangle.TestsForRectangle" time="0">
    <failure message="expected [6.0] but found [8.0]" type="java.lang.AssertionError">java.lang.AssertionError: expected [6.0] but found [8.0]
	at org.testng.Assert.fail(Assert.java:94)
	at org.testng.Assert.failNotEquals(Assert.java:494)
	at org.testng.Assert.assertEquals(Assert.java:123)
	at org.testng.Assert.assertEquals(Assert.java:165)
	at jar.rectangle.TestsForRectangle.testGetPerimeter(TestsForRectangle.java:22)
</failure>
  </testcase>
  <testcase name="testGetPerimeter" classname="jar.rectangle.TestsForRectangle" time="0">
    <failure message="expected [168.78] but found [225.1]" type="java.lang.AssertionError">java.lang.AssertionError: expected [168.78] but found [225.1]
	at org.testng.Assert.fail(Assert.java:94)
	at org.testng.Assert.failNotEquals(Assert.java:494)
	at org.testng.Assert.assertEquals(Assert.java:123)
	at org.testng.Assert.assertEquals(Assert.java:165)
	at jar.rectangle.TestsForRectangle.testGetPerimeter(TestsForRectangle.java:22)
</failure>
  </testcase>
  <testcase name="testGetPerimeter" classname="jar.rectangle.TestsForRectangle" time="0">
    <failure message="expected [1.5E-12] but found [2.0E-12]" type="java.lang.AssertionError">java.lang.AssertionError: expected [1.5E-12] but found [2.0E-12]
	at org.testng.Assert.fail(Assert.java:94)
	at org.testng.Assert.failNotEquals(Assert.java:494)
	at org.testng.Assert.assertEquals(Assert.java:123)
	at org.testng.Assert.assertEquals(Assert.java:165)
	at jar.rectangle.TestsForRectangle.testGetPerimeter(TestsForRectangle.java:22)
</failure>
  </testcase>
  <testcase name="testGetRectangle" classname="jar.rectangle.TestsForRectangle" time="0"/>
  <testcase name="testGetRectangle" classname="jar.rectangle.TestsForRectangle" time="0"/>
  <testcase name="testGetRectangle" classname="jar.rectangle.TestsForRectangle" time="0"/>
  <testcase name="testGetRectangle" classname="jar.rectangle.TestsForRectangle" time="0"/>
  <testcase name="testGetRectangle" classname="jar.rectangle.TestsForRectangle" time="0"/>
  <testcase name="testGetRectangle" classname="jar.rectangle.TestsForRectangle" time="0"/>
  <testcase name="testGetRectangle" classname="jar.rectangle.TestsForRectangle" time="0"/>
  <testcase name="testGetRectangle" classname="jar.rectangle.TestsForRectangle" time="0"/>
  <testcase name="testGetRectangle" classname="jar.rectangle.TestsForRectangle" time="0"/>
  <testcase name="testGetRectangle" classname="jar.rectangle.TestsForRectangle" time="0"/>
  <testcase name="testGetRectangle" classname="jar.rectangle.TestsForRectangle" time="0"/>
  <testcase name="testGetSquare" classname="jar.rectangle.TestsForRectangle" time="0"/>
  <testcase name="testGetSquare" classname="jar.rectangle.TestsForRectangle" time="0"/>
  <testcase name="testGetSquare" classname="jar.rectangle.TestsForRectangle" time="0">
    <failure message="expected [-31223.576999999997] but found [31223.576999999997]" type="java.lang.AssertionError">java.lang.AssertionError: expected [-31223.576999999997] but found [31223.576999999997]
	at org.testng.Assert.fail(Assert.java:94)
	at org.testng.Assert.failNotEquals(Assert.java:494)
	at org.testng.Assert.assertEquals(Assert.java:123)
	at org.testng.Assert.assertEquals(Assert.java:165)
	at jar.rectangle.TestsForRectangle.testGetSquare(TestsForRectangle.java:29)
</failure>
  </testcase>
  <testcase name="testGetSquare" classname="jar.rectangle.TestsForRectangle" time="0">
    <failure message="expected [-356420.115] but found [4.29581930625E7]" type="java.lang.AssertionError">java.lang.AssertionError: expected [-356420.115] but found [4.29581930625E7]
	at org.testng.Assert.fail(Assert.java:94)
	at org.testng.Assert.failNotEquals(Assert.java:494)
	at org.testng.Assert.assertEquals(Assert.java:123)
	at org.testng.Assert.assertEquals(Assert.java:165)
	at jar.rectangle.TestsForRectangle.testGetSquare(TestsForRectangle.java:29)
</failure>
  </testcase>
  <testcase name="testGetSquare" classname="jar.rectangle.TestsForRectangle" time="0"/>
  <testcase name="testGetSquare" classname="jar.rectangle.TestsForRectangle" time="0">
    <failure message="expected [-0.0] but found [0.0]" type="java.lang.AssertionError">java.lang.AssertionError: expected [-0.0] but found [0.0]
	at org.testng.Assert.fail(Assert.java:94)
	at org.testng.Assert.failNotEquals(Assert.java:494)
	at org.testng.Assert.assertEquals(Assert.java:123)
	at org.testng.Assert.assertEquals(Assert.java:165)
	at jar.rectangle.TestsForRectangle.testGetSquare(TestsForRectangle.java:29)
</failure>
  </testcase>
  <testcase name="testGetSquare" classname="jar.rectangle.TestsForRectangle" time="0">
    <failure message="expected [-0.0] but found [7.147781611058918E7]" type="java.lang.AssertionError">java.lang.AssertionError: expected [-0.0] but found [7.147781611058918E7]
	at org.testng.Assert.fail(Assert.java:94)
	at org.testng.Assert.failNotEquals(Assert.java:494)
	at org.testng.Assert.assertEquals(Assert.java:123)
	at org.testng.Assert.assertEquals(Assert.java:165)
	at jar.rectangle.TestsForRectangle.testGetSquare(TestsForRectangle.java:29)
</failure>
  </testcase>
  <testcase name="testGetSquare" classname="jar.rectangle.TestsForRectangle" time="0"/>
  <testcase name="testGetSquare" classname="jar.rectangle.TestsForRectangle" time="0"/>
  <testcase name="testGetSquare" classname="jar.rectangle.TestsForRectangle" time="0">
    <failure message="expected [3166.8736] but found [3171.9424]" type="java.lang.AssertionError">java.lang.AssertionError: expected [3166.8736] but found [3171.9424]
	at org.testng.Assert.fail(Assert.java:94)
	at org.testng.Assert.failNotEquals(Assert.java:494)
	at org.testng.Assert.assertEquals(Assert.java:123)
	at org.testng.Assert.assertEquals(Assert.java:165)
	at jar.rectangle.TestsForRectangle.testGetSquare(TestsForRectangle.java:29)
</failure>
  </testcase>
  <testcase name="testGetSquare" classname="jar.rectangle.TestsForRectangle" time="0"/>
  <testcase name="testIsQuadrate" classname="jar.rectangle.TestsForRectangle" time="0"/>
  <testcase name="testIsQuadrate" classname="jar.rectangle.TestsForRectangle" time="0">
    <failure message="expected [false] but found [true]" type="java.lang.AssertionError">java.lang.AssertionError: expected [false] but found [true]
	at org.testng.Assert.fail(Assert.java:94)
	at org.testng.Assert.failNotEquals(Assert.java:494)
	at org.testng.Assert.assertEquals(Assert.java:123)
	at org.testng.Assert.assertEquals(Assert.java:286)
	at org.testng.Assert.assertEquals(Assert.java:296)
	at jar.rectangle.TestsForRectangle.testIsQuadrate(TestsForRectangle.java:36)
</failure>
  </testcase>
  <testcase name="testIsQuadrate" classname="jar.rectangle.TestsForRectangle" time="0">
    <failure message="expected [false] but found [true]" type="java.lang.AssertionError">java.lang.AssertionError: expected [false] but found [true]
	at org.testng.Assert.fail(Assert.java:94)
	at org.testng.Assert.failNotEquals(Assert.java:494)
	at org.testng.Assert.assertEquals(Assert.java:123)
	at org.testng.Assert.assertEquals(Assert.java:286)
	at org.testng.Assert.assertEquals(Assert.java:296)
	at jar.rectangle.TestsForRectangle.testIsQuadrate(TestsForRectangle.java:36)
</failure>
  </testcase>
  <testcase name="testIsQuadrate" classname="jar.rectangle.TestsForRectangle" time="0"/>
  <testcase name="testIsQuadrate" classname="jar.rectangle.TestsForRectangle" time="0">
    <failure message="expected [false] but found [true]" type="java.lang.AssertionError">java.lang.AssertionError: expected [false] but found [true]
	at org.testng.Assert.fail(Assert.java:94)
	at org.testng.Assert.failNotEquals(Assert.java:494)
	at org.testng.Assert.assertEquals(Assert.java:123)
	at org.testng.Assert.assertEquals(Assert.java:286)
	at org.testng.Assert.assertEquals(Assert.java:296)
	at jar.rectangle.TestsForRectangle.testIsQuadrate(TestsForRectangle.java:36)
</failure>
  </testcase>
  <testcase name="testIsQuadrate" classname="jar.rectangle.TestsForRectangle" time="0">
    <failure message="expected [false] but found [true]" type="java.lang.AssertionError">java.lang.AssertionError: expected [false] but found [true]
	at org.testng.Assert.fail(Assert.java:94)
	at org.testng.Assert.failNotEquals(Assert.java:494)
	at org.testng.Assert.assertEquals(Assert.java:123)
	at org.testng.Assert.assertEquals(Assert.java:286)
	at org.testng.Assert.assertEquals(Assert.java:296)
	at jar.rectangle.TestsForRectangle.testIsQuadrate(TestsForRectangle.java:36)
</failure>
  </testcase>
  <testcase name="testIsQuadrate" classname="jar.rectangle.TestsForRectangle" time="0"/>
  <testcase name="testIsQuadrate" classname="jar.rectangle.TestsForRectangle" time="0">
    <failure message="expected [false] but found [true]" type="java.lang.AssertionError">java.lang.AssertionError: expected [false] but found [true]
	at org.testng.Assert.fail(Assert.java:94)
	at org.testng.Assert.failNotEquals(Assert.java:494)
	at org.testng.Assert.assertEquals(Assert.java:123)
	at org.testng.Assert.assertEquals(Assert.java:286)
	at org.testng.Assert.assertEquals(Assert.java:296)
	at jar.rectangle.TestsForRectangle.testIsQuadrate(TestsForRectangle.java:36)
</failure>
  </testcase>
  <testcase name="testIsQuadrate" classname="jar.rectangle.TestsForRectangle" time="0"/>
  <testcase name="testIsQuadrate" classname="jar.rectangle.TestsForRectangle" time="0"/>
  <testcase name="testIsQuadrate" classname="jar.rectangle.TestsForRectangle" time="0.016"/>
</testsuite>