<?xml version="1.0" encoding="UTF-8"?>
<!-- Generated by org.testng.reporters.JUnitXMLReporter -->
<testsuite hostname="EPRURYAW7112" ignored="0" name="QuadrateParameter5" tests="3" failures="0" timestamp="06 фев 2019 14:13:39 GMT" time="0.0" errors="0">
  <testcase name="testGetQuadrate" time="0.0" classname="jar.quadrate.TestsForQuadrate"/>
  <testcase name="testGetPerimeter" time="0.0" classname="jar.quadrate.TestsForQuadrate"/>
  <testcase name="testGetSquare" time="0.0" classname="jar.quadrate.TestsForQuadrate"/>
</testsuite> <!-- QuadrateParameter5 -->
