<?xml version="1.0" encoding="UTF-8"?>
<!-- Generated by org.testng.reporters.JUnitXMLReporter -->
<testsuite hostname="EPRURYAW7112" ignored="0" name="QuadrateParameter6" tests="1" failures="1" timestamp="06 фев 2019 15:30:02 GMT" time="0.016" errors="0">
  <testcase name="testForFailing" time="0.0" classname="jar.ExpectedExeption">
    <failure type="org.testng.TestException" message="
Method ExpectedExeption.testForFailing(double)[pri:0, instance:jar.ExpectedExeption@b968a76] should have thrown an exception of type class java.lang.Exception">
      <![CDATA[org.testng.TestException: 
Method ExpectedExeption.testForFailing(double)[pri:0, instance:jar.ExpectedExeption@b968a76] should have thrown an exception of type class java.lang.Exception
... Removed 22 stack frames]]>
    </failure>
  </testcase> <!-- testForFailing -->
</testsuite> <!-- QuadrateParameter6 -->
