<?xml version="1.0" encoding="UTF-8"?>
<!-- Generated by org.testng.reporters.JUnitXMLReporter -->
<testsuite hostname="EPRURYAW7112" ignored="0" name="QuadrateParameter4" tests="3" failures="0" timestamp="06 фев 2019 15:37:13 GMT" time="0.015" errors="0">
  <testcase name="testGetQuadrate" time="0.0" classname="jar.quadrate.TestsForQuadrate"/>
  <testcase name="testGetPerimeter" time="0.0" classname="jar.quadrate.TestsForQuadrate"/>
  <testcase name="testGetSquare" time="0.0" classname="jar.quadrate.TestsForQuadrate"/>
</testsuite> <!-- QuadrateParameter4 -->
